<?xml version="1.0" encoding="UTF-8"?>
<testsuite name="com.studentapp.junit.studentinfo.FirstSerenityTest" time="1.152" tests="1" errors="1" skipped="0" failures="0">
  <properties>
[...]
</properties>
  <testcase name="fileDoesNotExist" classname="com.studentapp.junit.studentinfo.FirstSerenityTest" time="1.152">
    <error message="E:\file.txt (The system cannot find the path specified)" type="java.io.FileNotFoundException"><![CDATA[java.io.FileNotFoundException: E:\file.txt (The system cannot find the path specified)
	at java.io.FileInputStream.open0(Native Method)
	at java.io.FileInputStream.open(FileInputStream.java:195)
	at java.io.FileInputStream.<init>(FileInputStream.java:138)
	at java.io.FileReader.<init>(FileReader.java:72)
	at com.studentapp.junit.studentinfo.FirstSerenityTest.fileDoesNotExist(FirstSerenityTest.java:66)
]]></error>
    <system-err><![CDATA[15117 [main] INFO net.thucydides.core.steps.ConsoleLoggingListener - 
        __    _____ _____ ____ _____   ____   _    ____  ____  _____ ____  
  _     \ \  |_   _| ____/ ___|_   _| |  _ \ / \  / ___|/ ___|| ____|  _ \ 
 (_)_____| |   | | |  _| \___ \ | |   | |_) / _ \ \___ \\___ \|  _| | | | |
  _|_____| |   | | | |___ ___) || |   |  __/ ___ \ ___) |___) | |___| |_| |
 (_)     | |   |_| |_____|____/ |_|   |_| /_/   \_\____/|____/|_____|____/ 
        /_/                                                                

TEST PASSED: Datan Driven test for adding multiple students to the Student App
----------------------------------------------------------------------------
19561 [main] INFO net.thucydides.core.steps.ConsoleLoggingListener - Test Suite Started: First serenity test
20717 [main] INFO net.thucydides.core.steps.ConsoleLoggingListener - 
 _____ _____ ____ _____   ____ _____  _    ____ _____ _____ ____  
|_   _| ____/ ___|_   _| / ___|_   _|/ \  |  _ \_   _| ____|  _ \ 
  | | |  _| \___ \ | |   \___ \ | | / _ \ | |_) || | |  _| | | | |
  | | | |___ ___) || |    ___) || |/ ___ \|  _ < | | | |___| |_| |
  |_| |_____|____/ |_|   |____/ |_/_/   \_\_| \_\|_| |_____|____/ 
                                                                  

TEST STARTED: fileDoesNotExist
-------------------------------------------------------------------
20717 [main] INFO net.serenitybdd.core.Serenity - TEST NUMBER: 11
]]></system-err>
  </testcase>
</testsuite>