<?xml version="1.0" encoding="UTF-8"?><testsuite errors="0" failures="0" name="com.studentapp.junit.studentinfo.StudentsCRUDTest3" skipped="0" tests="4" time="5.41" timestamp="2020-11-24 09:53:51"><testcase classname="com.studentapp.junit.studentinfo.StudentsCRUDTest3" name="This test will create a new student"/><testcase classname="com.studentapp.junit.studentinfo.StudentsCRUDTest3" name="Varify if the student was added to the application"/><testcase classname="com.studentapp.junit.studentinfo.StudentsCRUDTest3" name="Update thie user information and verify the update information"/><testcase classname="com.studentapp.junit.studentinfo.StudentsCRUDTest3" name="Delete the student and varify the student is deleted"/></testsuite>